<?xml version="1.0" encoding="UTF-8"?>
<!-- Generated by org.testng.reporters.JUnitReportReporter -->
<testsuite hostname="DESKTOP-863BE13" failures="0" tests="4" name="com.ecommerce.testcases.LoginPageTest" time="42.241" errors="0" timestamp="2023-03-29T16:43:35 IST" skipped="0">
  <testcase classname="com.ecommerce.testcases.LoginPageTest" name="getTitleTest" time="23.467"/>
  <system-out/>
  <testcase classname="com.ecommerce.testcases.LoginPageTest" name="doLoginTest" time="6.004"/>
  <system-out/>
  <testcase classname="com.ecommerce.testcases.LoginPageTest" name="clickOnForgotPasswordLink" time="6.412"/>
  <system-out/>
  <testcase classname="com.ecommerce.testcases.LoginPageTest" name="clickOnCustomerlinkTest" time="6.358"/>
  <system-out/>
</testsuite> <!-- com.ecommerce.testcases.LoginPageTest -->
