<?xml version="1.0" encoding="UTF-8"?>
<!-- Generated by org.testng.reporters.JUnitReportReporter -->
<testsuite hostname="DESKTOP-863BE13" failures="0" tests="6" name="com.ecommerce.testcases.HomePageTest" time="62.141" errors="0" timestamp="2023-03-29T20:49:06 IST" skipped="0">
  <testcase classname="com.ecommerce.testcases.HomePageTest" name="getTitleofPageTest" time="5.373"/>
  <system-out/>
  <testcase classname="com.ecommerce.testcases.HomePageTest" name="clickOnProductTest" time="8.702"/>
  <system-out/>
  <testcase classname="com.ecommerce.testcases.HomePageTest" name="clickOnBannerImageTest" time="6.822"/>
  <system-out/>
  <testcase classname="com.ecommerce.testcases.HomePageTest" name="verifyCurrentUrlTest" time="6.243"/>
  <system-out/>
  <testcase classname="com.ecommerce.testcases.HomePageTest" name="wishListTest" time="26.294"/>
  <system-out/>
  <testcase classname="com.ecommerce.testcases.HomePageTest" name="searchProductTest" time="8.707"/>
  <system-out/>
</testsuite> <!-- com.ecommerce.testcases.HomePageTest -->
